NEGRU!!!!!!
piesa verificare sah: 1 1 piesa verificare sah: 3 1 piesa verificare sah: 2 1 piesa verificare sah: 4 1 piesa verificare sah: 5 1 piesa verificare sah: 2 1 piesa verificare sah: 1 1 piesa verificare sah: 0 1 piesa verificare sah: 0 1 piesa verificare sah: 0 1 piesa verificare sah: 0 1 piesa verificare sah: 0 1 piesa verificare sah: 0 1 piesa verificare sah: 0 1 piesa verificare sah: 0 1 piesa verificare sah: 3 1 ANEGRU!!!!!!
piesa verificare sah: 1 1 piesa verificare sah: 3 1 piesa verificare sah: 2 1 piesa verificare sah: 4 1 piesa verificare sah: 5 1 piesa verificare sah: 2 1 piesa verificare sah: 1 1 piesa verificare sah: 0 1 piesa verificare sah: 0 1 piesa verificare sah: 0 1 piesa verificare sah: 0 1 piesa verificare sah: 0 1 piesa verificare sah: 0 1 piesa verificare sah: 0 1 piesa verificare sah: 0 1 piesa verificare sah: 3 1ALNEGRU!!!!!!
piesa verificare sah: 1 1 piesa verificare sah: 3 1 piesa verificare sah: 2 1 piesa verificare sah: 4 1 piesa verificare sah: 5 1 piesa verificare sah: 2 1 piesa verificare sah: 1 1 piesa verificare sah: 0 1 piesa verificare sah: 0 1 piesa verificare sah: 0 1 piesa verificare sah: 0 1 piesa verificare sah: 0 1 piesa verificare sah: 0 1 piesa verificare sah: 0 1 piesa verificare sah: 0 1 piesa verificare sah: 3 ALBNEGRU!!!!!!
piesa verificare sah: 1 1 piesa verificare sah: 3 1 piesa verificare sah: 2 1 piesa verificare sah: 4 1 piesa verificare sah: 2 1 piesa verificare sah: 1 1 piesa verificare sah: 0 1 piesa verificare sah: 0 1 piesa verificare sah: 0 1 piesa verificare sah: 5 1 piesa verificare sah: 0 1 piesa verificare sah: 0 1 piesa verificare sah: 0 1 piesa verificare sah: 0 1 piesa verificare sah: 0 1 piesa verificare sah: 3ALB!NEGRU!!!!!!
piesa verificare sah: 1 1 piesa verificare sah: 3 1 piesa verificare sah: 2 1 piesa verificare sah: 4 1 piesa verificare sah: 2 1 piesa verificare sah: 1 1 piesa verificare sah: 0 1 piesa verificare sah: 0 1 piesa verificare sah: 5 1 piesa verificare sah: 0 1 piesa verificare sah: 0 1 piesa verificare sah: 0 1 piesa verificare sah: 0 1 piesa verificare sah: 0 1 piesa verificare sah: 0 1 piesa verificare sah: ALB!!NEGRU!!!!!!
piesa verificare sah: 1 1 piesa verificare sah: 3 1 piesa verificare sah: 2 1 piesa verificare sah: 4 1 piesa verificare sah: 2 1 piesa verificare sah: 1 1 piesa verificare sah: 0 1 piesa verificare sah: 0 1 piesa verificare sah: 5 1 piesa verificare sah: 0 1 piesa verificare sah: 0 1 piesa verificare sah: 0 1 piesa verificare sah: 0 1 piesa verificare sah: 0 1 piesa verificare sah: 0 1 piesa verificare sah:ALB!!!NEGRU!!!!!!
piesa verificare sah: 1 1 piesa verificare sah: 3 1 piesa verificare sah: 2 1 piesa verificare sah: 4 1 piesa verificare sah: 2 1 piesa verificare sah: 1 1 piesa verificare sah: 0 1 piesa verificare sah: 0 1 piesa verificare sah: 5 1 piesa verificare sah: 0 1 piesa verificare sah: 0 1 piesa verificare sah: 0 1 piesa verificare sah: 0 1 piesa verificare sah: 0 1 piesa verificare sah: 3 1 piesa verificare sahALB!!!!NEGRU!!!!!!
piesa verificare sah: 1 1 piesa verificare sah: 3 1 piesa verificare sah: 2 1 piesa verificare sah: 2 1 piesa verificare sah: 1 1 piesa verificare sah: 0 1 piesa verificare sah: 5 1 piesa verificare sah: 0 1 piesa verificare sah: 0 1 piesa verificare sah: 0 1 piesa verificare sah: 0 1 piesa verificare sah: 0 1 piesa verificare sah: 0 1 piesa verificare sah: 3 1 piesa verificare sah: 0 1 
NEGRU!!!!!!
piesa verificare sah: 1 1 piesa verificare sah: 3 1 piesa verificare sah: 2 1 piesa verificare sah: 2 1 piesa verificare sah: 1 1 piesa verificare sah: 0 1 piesa verificare sah: 5 1 piesa verificare sah: 0 1 piesa verificare sah: 0 1 piesa verificare sah: 0 1 piesa verificare sah: 0 1 piesa verificare sah: 0 1 piesa verificare sah: 3 1 piesa verificare sah: 0 1 piesa verificare sah: 0 1 
NEGRU!!!!!!
piesa verificare sah: 1 1 piesa verificare sah: 3 1 piesa verificare sah: 2 1 piesa verificare sah: 5 1 piesa verificare sah: 2 1 piesa verificare sah: 1 1 piesa verificare sah: 0 1 piesa verificare sah: 0 1 piesa verificare sah: 0 1 piesa verificare sah: 0 1 piesa verificare sah: 0 1 piesa verificare sah: 0 1 piesa verificare sah: 3 1 piesa verificare sah: 0 1 piesa verificare sah: 0 1 
NEGRU!!!!!!
piesa verificare sah: 1 1 piesa verificare sah: 3 1 piesa verificare sah: 2 1 piesa verificare sah: 5 1 piesa verificare sah: 2 1 piesa verificare sah: 1 1 piesa verificare sah: 0 1 piesa verificare sah: 0 1 piesa verificare sah: 0 1 piesa verificare sah: 0 1 piesa verificare sah: 0 1 piesa verificare sah: 0 1 piesa verificare sah: 3 1 piesa verificare sah: 0 1 piesa verificare sah: 0 1 
NEGRU!!!!!!
piesa verificare sah: 1 1 piesa verificare sah: 3 1 piesa verificare sah: 2 1 piesa verificare sah: 5 1 piesa verificare sah: 2 1 piesa verificare sah: 1 1 piesa verificare sah: 0 1 piesa verificare sah: 0 1 piesa verificare sah: 0 1 piesa verificare sah: 0 1 piesa verificare sah: 0 1 piesa verificare sah: 0 1 piesa verificare sah: 3 1 piesa verificare sah: 0 1 piesa verificare sah: 0 1 
NEGRU!!!!!!
piesa verificare sah: 1 1 piesa verificare sah: 3 1 piesa verificare sah: 2 1 piesa verificare sah: 5 1 piesa verificare sah: 1 1 piesa verificare sah: 2 1 piesa verificare sah: 0 1 piesa verificare sah: 0 1 piesa verificare sah: 0 1 piesa verificare sah: 0 1 piesa verificare sah: 0 1 piesa verificare sah: 0 1 piesa verificare sah: 3 1 piesa verificare sah: 0 1 piesa verificare sah: 0 1 
NEGRU!!!!!!
piesa verificare sah: 1 1 piesa verificare sah: 3 1 piesa verificare sah: 2 1 piesa verificare sah: 5 1 piesa verificare sah: 1 1 piesa verificare sah: 2 1 piesa verificare sah: 0 1 piesa verificare sah: 0 1 piesa verificare sah: 0 1 piesa verificare sah: 0 1 piesa verificare sah: 0 1 piesa verificare sah: 0 1 piesa verificare sah: 0 1 piesa verificare sah: 0 1 piesa verificare sah: 3 1 piesa verificALB!!!!!!!
piesa verificare sah: 2 0 piesa verificare sah: 0 0 piesa verificare sah: 0 0 piesa verificare sah: 2 0 piesa verificare sah: 0 0 piesa verificare sah: 5 0 piesa verificare sah: 0 0 piesa verificare sah: 0 0 piesa verificare sah: 0 0 piesa verificare sah: 0 0 piesa verificare sah: 1 0 piesa verificare sah: 3 0 piesa verificare sah: 4 0 piesa verificare sah: 1 0 
ALB!!!!!!!
piesa verificare sah: 2 0 piesa verificare sah: 0 0 piesa verificare sah: 0 0 piesa verificare sah: 2 0 piesa verificare sah: 0 0 piesa verificare sah: 5 0 piesa verificare sah: 0 0 piesa verificare sah: 0 0 piesa verificare sah: 0 0 piesa verificare sah: 0 0 piesa verificare sah: 1 0 piesa verificare sah: 3 0 piesa verificare sah: 4 0 piesa verificare sah: 1 0 
ALB!!!!!!!
piesa verificare sah: 2 0 piesa verificare sah: 0 0 piesa verificare sah: 0 0 piesa verificare sah: 2 0 piesa verificare sah: 0 0 piesa verificare sah: 5 0 piesa verificare sah: 0 0 piesa verificare sah: 0 0 piesa verificare sah: 0 0 piesa verificare sah: 0 0 piesa verificare sah: 1 0 piesa verificare sah: 3 0 piesa verificare sah: 4 0 piesa verificare sah: 1 0 
ALB!!!!!!!
piesa verificare sah: 2 0 piesa verificare sah: 0 0 piesa verificare sah: 0 0 piesa verificare sah: 2 0 piesa verificare sah: 0 0 piesa verificare sah: 0 0 piesa verificare sah: 0 0 piesa verificare sah: 0 0 piesa verificare sah: 5 0 piesa verificare sah: 0 0 piesa verificare sah: 1 0 piesa verificare sah: 3 0 piesa verificare sah: 4 0 piesa verificare sah: 1 0 
ALB!!!!!!!
piesa verificare sah: 2 0 piesa verificare sah: 0 0 piesa verificare sah: 0 0 piesa verificare sah: 2 0 piesa verificare sah: 0 0 piesa verificare sah: 0 0 piesa verificare sah: 0 0 piesa verificare sah: 0 0 piesa verificare sah: 0 0 piesa verificare sah: 5 0 piesa verificare sah: 1 0 piesa verificare sah: 3 0 piesa verificare sah: 4 0 piesa verificare sah: 1 0 
ALB!!!!!!!
piesa verificare sah: 2 0 piesa verificare sah: 0 0 piesa verificare sah: 0 0 piesa verificare sah: 2 0 piesa verificare sah: 0 0 piesa verificare sah: 0 0 piesa verificare sah: 0 0 piesa verificare sah: 0 0 piesa verificare sah: 3 0 piesa verificare sah: 0 0 piesa verificare sah: 5 0 piesa verificare sah: 1 0 piesa verificare sah: 4 0 piesa verificare sah: 1 0 
ALB!!!!!!!
piesa verificare sah: 2 0 piesa verificare sah: 0 0 piesa verificare sah: 0 0 piesa verificare sah: 2 0 piesa verificare sah: 0 0 piesa verificare sah: 0 0 piesa verificare sah: 0 0 piesa verificare sah: 0 0 piesa verificare sah: 3 0 piesa verificare sah: 0 0 piesa verificare sah: 5 0 piesa verificare sah: 1 0 piesa verificare sah: 4 0 piesa verificare sah: 1 0 
ALB!!!!!!!
piesa verificare sah: 2 0 piesa verificare sah: 0 0 piesa verificare sah: 0 0 piesa verificare sah: 2 0 piesa verificare sah: 0 0 piesa verificare sah: 0 0 piesa verificare sah: 0 0 piesa verificare sah: 0 0 piesa verificare sah: 0 0 piesa verificare sah: 3 0 piesa verificare sah: 5 0 piesa verificare sah: 1 0 piesa verificare sah: 4 0 piesa verificare sah: 1 0 
ALB!!!!!!!
piesa verificare sah: 2 0 piesa verificare sah: 0 0 piesa verificare sah: 0 0 piesa verificare sah: 2 0 piesa verificare sah: 0 0 piesa verificare sah: 0 0 piesa verificare sah: 0 0 piesa verificare sah: 0 0 piesa verificare sah: 3 0 piesa verificare sah: 5 0 piesa verificare sah: 1 0 piesa verificare sah: 4 0 piesa verificare sah: 1 0 
ALB!!!!!!!
piesa verificare sah: 2 0 piesa verificare sah: 0 0 piesa verificare sah: 0 0 piesa verificare sah: 2 0 piesa verificare sah: 0 0 piesa verificare sah: 0 0 piesa verificare sah: 0 0 piesa verificare sah: 0 0 piesa verificare sah: 3 0 piesa verificare sah: 5 0 piesa verificare sah: 1 0 piesa verificare sah: 4 0 piesa verificare sah: 1 0 
ALB!!!!!!!
piesa verificare sah: 2 0 piesa verificare sah: 0 0 piesa verificare sah: 0 0 piesa verificare sah: 0 0 piesa verificare sah: 2 0 piesa verificare sah: 0 0 piesa verificare sah: 0 0 piesa verificare sah: 0 0 piesa verificare sah: 3 0 piesa verificare sah: 5 0 piesa verificare sah: 1 0 piesa verificare sah: 4 0 piesa verificare sah: 1 0 
ALB!!!!!!!
piesa verificare sah: 2 0 piesa verificare sah: 0 0 piesa verificare sah: 0 0 piesa verificare sah: 0 0 piesa verificare sah: 2 0 piesa verificare sah: 0 0 piesa verificare sah: 0 0 piesa verificare sah: 0 0 piesa verificare sah: 3 0 piesa verificare sah: 5 0 piesa verificare sah: 1 0 piesa verificare sah: 4 0 piesa verificare sah: 1 0 
ALB!!!!!!!
piesa verificare sah: 2 0 piesa verificare sah: 0 0 piesa verificare sah: 0 0 piesa verificare sah: 0 0 piesa verificare sah: 3 0 piesa verificare sah: 2 0 piesa verificare sah: 0 0 piesa verificare sah: 0 0 piesa verificare sah: 0 0 piesa verificare sah: 5 0 piesa verificare sah: 1 0 piesa verificare sah: 4 0 piesa verificare sah: 1 0 
ALB!!!!!!!
piesa verificare sah: 2 0 piesa verificare sah: 0 0 piesa verificare sah: 0 0 piesa verificare sah: 0 0 piesa verificare sah: 3 0 piesa verificare sah: 2 0 piesa verificare sah: 0 0 piesa verificare sah: 0 0 piesa verificare sah: 0 0 piesa verificare sah: 5 0 piesa verificare sah: 1 0 piesa verificare sah: 4 0 piesa verificare sah: 1 0 
ALB!!!!!!!
piesa verificare sah: 2 0 piesa verificare sah: 0 0 piesa verificare sah: 0 0 piesa verificare sah: 0 0 piesa verificare sah: 3 0 piesa verificare sah: 2 0 piesa verificare sah: 0 0 piesa verificare sah: 0 0 piesa verificare sah: 0 0 piesa verificare sah: 5 0 piesa verificare sah: 1 0 piesa verificare sah: 4 0 piesa verificare sah: 1 0 
ALB!!!!!!!
piesa verificare sah: 2 0 piesa verificare sah: 2 0 piesa verificare sah: 0 0 piesa verificare sah: 0 0 piesa verificare sah: 0 0 piesa verificare sah: 3 0 piesa verificare sah: 0 0 piesa verificare sah: 0 0 piesa verificare sah: 0 0 piesa verificare sah: 5 0 piesa verificare sah: 1 0 piesa verificare sah: 4 0 piesa verificare sah: 1 0 
ALB!!!!!!!
piesa verificare sah: 2 0 piesa verificare sah: 2 0 piesa verificare sah: 0 0 piesa verificare sah: 0 0 piesa verificare sah: 0 0 piesa verificare sah: 3 0 piesa verificare sah: 0 0 piesa verificare sah: 0 0 piesa verificare sah: 0 0 piesa verificare sah: 5 0 piesa verificare sah: 1 0 piesa verificare sah: 4 0 piesa verificare sah: 1 0 
ALB!!!!!!!
piesa verificare sah: 2 0 piesa verificare sah: 2 0 piesa verificare sah: 0 0 piesa verificare sah: 0 0 piesa verificare sah: 0 0 piesa verificare sah: 0 0 piesa verificare sah: 3 0 piesa verificare sah: 0 0 piesa verificare sah: 0 0 piesa verificare sah: 5 0 piesa verificare sah: 1 0 piesa verificare sah: 4 0 piesa verificare sah: 1 0 
ALB!!!!!!!
piesa verificare sah: 2 0 piesa verificare sah: 2 0 piesa verificare sah: 0 0 piesa verificare sah: 0 0 piesa verificare sah: 0 0 piesa verificare sah: 0 0 piesa verificare sah: 0 0 piesa verificare sah: 0 0 piesa verificare sah: 5 0 piesa verificare sah: 1 0 piesa verificare sah: 4 0 piesa verificare sah: 1 0 
ALB!!!!!!!
piesa verificare sah: 2 0 piesa verificare sah: 2 0 piesa verificare sah: 0 0 piesa verificare sah: 0 0 piesa verificare sah: 0 0 piesa verificare sah: 0 0 piesa verificare sah: 0 0 piesa verificare sah: 0 0 piesa verificare sah: 1 0 piesa verificare sah: 5 0 piesa verificare sah: 1 0 piesa verificare sah: 4 0 
ALB!!!!!!!
piesa verificare sah: 2 0 piesa verificare sah: 0 0 piesa verificare sah: 2 0 piesa verificare sah: 0 0 piesa verificare sah: 0 0 piesa verificare sah: 0 0 piesa verificare sah: 0 0 piesa verificare sah: 0 0 piesa verificare sah: 1 0 piesa verificare sah: 5 0 piesa verificare sah: 1 0 piesa verificare sah: 4 0 
ALB!!!!!!!
piesa verificare sah: 0 0 piesa verificare sah: 2 0 piesa verificare sah: 0 0 piesa verificare sah: 0 0 piesa verificare sah: 0 0 piesa verificare sah: 2 0 piesa verificare sah: 0 0 piesa verificare sah: 0 0 piesa verificare sah: 1 0 piesa verificare sah: 5 0 piesa verificare sah: 1 0 piesa verificare sah: 4 0 
ALB!!!!!!!
piesa verificare sah: 2 0 piesa verificare sah: 0 0 piesa verificare sah: 0 0 piesa verificare sah: 0 0 piesa verificare sah: 0 0 piesa verificare sah: 2 0 piesa verificare sah: 0 0 piesa verificare sah: 0 0 piesa verificare sah: 1 0 piesa verificare sah: 5 0 piesa verificare sah: 1 0 piesa verificare sah: 4 0 
ALB!!!!!!!
piesa verificare sah: 2 0 piesa verificare sah: 0 0 piesa verificare sah: 0 0 piesa verificare sah: 0 0 piesa verificare sah: 0 0 piesa verificare sah: 2 0 piesa verificare sah: 0 0 piesa verificare sah: 0 0 piesa verificare sah: 1 0 piesa verificare sah: 5 0 piesa verificare sah: 1 0 piesa verificare sah: 4 0 
ALB!!!!!!!
piesa verificare sah: 0 0 piesa verificare sah: 0 0 piesa verificare sah: 0 0 piesa verificare sah: 0 0 piesa verificare sah: 0 0 piesa verificare sah: 0 0 piesa verificare sah: 2 0 piesa verificare sah: 0 0 piesa verificare sah: 0 0 piesa verificare sah: 0 0 piesa verificare sah: 2 0 piesa verificare sah: 0 0 piesa verificare sah: 0 0 piesa verificare sah: 1 0 piesa verificare sah: 5 0 piesa verificare sah: 1 0 piesa verificare sah: 4 0 
ALB!!!!!!!
piesa verificare sah: 2 0 piesa verificare sah: 0 0 piesa verificare sah: 2 0 piesa verificare sah: 0 0 piesa verificare sah: 0 0 piesa verificare sah: 0 0 piesa verificare sah: 0 0 piesa verificare sah: 1 0 piesa verificare sah: 5 0 piesa verificare sah: 1 0 piesa verificare sah: 4 0 
ALB!!!!!!!
piesa verificare sah: 0 0 piesa verificare sah: 2 0 piesa verificare sah: 0 0 piesa verificare sah: 0 0 piesa verificare sah: 2 0 piesa verificare sah: 0 0 piesa verificare sah: 1 0 piesa verificare sah: 5 0 piesa verificare sah: 1 0 piesa verificare sah: 4 0 
ALB!!!!!!!
piesa verificare sah: 0 0 piesa verificare sah: 2 0 piesa verificare sah: 0 0 piesa verificare sah: 0 0 piesa verificare sah: 2 0 piesa verificare sah: 1 0 piesa verificare sah: 5 0 piesa verificare sah: 1 0 piesa verificare sah: 4 0 
ALB!!!!!!!
piesa verificare sah: 2 0 piesa verificare sah: 0 0 piesa verificare sah: 0 0 piesa verificare sah: 2 0 piesa verificare sah: 0 0 piesa verificare sah: 2 0 piesa verificare sah: 0 0 piesa verificare sah: 0 0 piesa verificare sah: 2 0 piesa verificare sah: 1 0 piesa verificare sah: 5 0 piesa verificare sah: 1 0 piesa verificare sah: 4 0 
ALB!!!!!!!
piesa verificare sah: 0 0 piesa verificare sah: 0 0 piesa verificare sah: 0 0 piesa verificare sah: 2 0 piesa verificare sah: 2 0 piesa verificare sah: 1 0 piesa verificare sah: 5 0 piesa verificare sah: 1 0 piesa verificare sah: 4 0 
ALB!!!!!!!
piesa verificare sah: 0 0 piesa verificare sah: 0 0 piesa verificare sah: 0 0 piesa verificare sah: 2 0 piesa verificare sah: 2 0 piesa verificare sah: 1 0 piesa verificare sah: 5 0 piesa verificare sah: 1 0 piesa verificare sah: 4 0 
ALB!!!!!!!
piesa verificare sah: 0 0 piesa verificare sah: 2 0 piesa verificare sah: 0 0 piesa verificare sah: 0 0 piesa verificare sah: 2 0 piesa verificare sah: 1 0 piesa verificare sah: 5 0 piesa verificare sah: 1 0 piesa verificare sah: 4 0 
ALB!!!!!!!
piesa verificare sah: 0 0 piesa verificare sah: 2 0 piesa verificare sah: 0 0 piesa verificare sah: 0 0 piesa verificare sah: 2 0 piesa verificare sah: 5 0 piesa verificare sah: 1 0 piesa verificare sah: 1 0 piesa verificare sah: 4 0 
ALB!!!!!!!
piesa verificare sah: 0 0 piesa verificare sah: 2 0 piesa verificare sah: 0 0 piesa verificare sah: 0 0 piesa verificare sah: 2 0 piesa verificare sah: 5 0 piesa verificare sah: 1 0 piesa verificare sah: 1 0 piesa verificare sah: 4 0 
ALB!!!!!!!
piesa verificare sah: 0 0 piesa verificare sah: 2 0 piesa verificare sah: 0 0 piesa verificare sah: 0 0 piesa verificare sah: 2 0 piesa verificare sah: 5 0 piesa verificare sah: 1 0 piesa verificare sah: 1 0 piesa verificare sah: 4 0 
ALB!!!!!!!
piesa verificare sah: 0 0 piesa verificare sah: 2 0 piesa verificare sah: 2 0 piesa verificare sah: 0 0 piesa verificare sah: 0 0 piesa verificare sah: 5 0 piesa verificare sah: 1 0 piesa verificare sah: 1 0 piesa verificare sah: 4 0 
ALB!!!!!!!
piesa verificare sah: 0 0 piesa verificare sah: 2 0 piesa verificare sah: 2 0 piesa verificare sah: 0 0 piesa verificare sah: 2 0 piesa verificare sah: 2 0 piesa verificare sah: 0 0 piesa verificare sah: 2 0 piesa verificare sah: 2 0 piesa verificare sah: 0 0 piesa verificare sah: 0 0 piesa verificare sah: 2 0 piesa verificare sah: 2 0 piesa verificare sah: 0 0 piesa verificare sah: 2 0 piesa verificare sah: 2 0 piesa verificare sah: 0 0 piesa verificare sah: 0 0 piesa verificare sah: 5 0 piesa verificare sah: 1 0 piesa verificare sah: 1 0 piesa verificare sah: 4 0 
ALB!!!!!!!
piesa verificare sah: 0 0 piesa verificare sah: 2 0 piesa verificare sah: 2 0 piesa verificare sah: 0 0 piesa verificare sah: 0 0 piesa verificare sah: 5 0 piesa verificare sah: 1 0 piesa verificare sah: 1 0 piesa verificare sah: 4 0 
ALB!!!!!!!
piesa verificare sah: 0 0 piesa verificare sah: 2 0 piesa verificare sah: 0 0 piesa verificare sah: 0 0 piesa verificare sah: 2 0 piesa verificare sah: 5 0 piesa verificare sah: 1 0 piesa verificare sah: 1 0 piesa verificare sah: 4 0 
ALB!!!!!!!
piesa verificare sah: 0 0 piesa verificare sah: 2 0 piesa verificare sah: 0 0 piesa verificare sah: 0 0 piesa verificare sah: 2 0 piesa verificare sah: 5 0 piesa verificare sah: 1 0 piesa verificare sah: 1 0 piesa verificare sah: 4 0 
ALB!!!!!!!
piesa verificare sah: 0 0 piesa verificare sah: 2 0 piesa verificare sah: 0 0 piesa verificare sah: 0 0 piesa verificare sah: 2 0 piesa verificare sah: 5 0 piesa verificare sah: 1 0 piesa verificare sah: 1 0 piesa verificare sah: 4 0 
ALB!!!!!!!
piesa verificare sah: 0 0 piesa verificare sah: 2 0 piesa verificare sah: 0 0 piesa verificare sah: 0 0 piesa verificare sah: 2 0 piesa verificare sah: 5 0 piesa verificare sah: 1 0 piesa verificare sah: 1 0 piesa verificare sah: 4 0 
ALB!!!!!!!
facts
piesa verificare sah: 0 0 piesa verificare sah: 2 0 piesa verificare sah: 0 0 piesa verificare sah: 0 0 piesa verificare sah: 2 0 piesa verificare sah: 5 0 piesa verificare sah: 1 0 piesa verificare sah: 1 0 piesa verificare sah: 4 0 
ALB!!!!!!!
facts
piesa verificare sah: 0 0 piesa verificare sah: 2 0 piesa verificare sah: 2 0 piesa verificare sah: 0 0 piesa verificare sah: 0 0 piesa verificare sah: 5 0 piesa verificare sah: 1 0 piesa verificare sah: 1 0 piesa verificare sah: 4 0 
ALB!!!!!!!
facts
piesa verificare sah: 0 0 piesa verificare sah: 2 0 piesa verificare sah: 2 0 piesa verificare sah: 0 0 piesa verificare sah: 0 0 piesa verificare sah: 1 0 piesa verificare sah: 5 0 piesa verificare sah: 1 0 piesa verificare sah: 4 0 
ALB!!!!!!!
facts
piesa verificare sah: 0 0 piesa verificare sah: 2 0 piesa verificare sah: 2 0 piesa verificare sah: 0 0 piesa verificare sah: 0 0 piesa verificare sah: 5 0 piesa verificare sah: 1 0 piesa verificare sah: 1 0 piesa verificare sah: 4 0 
ALB!!!!!!!
facts
piesa verificare sah: 2 0 piesa verificare sah: 2 0 piesa verificare sah: 0 0 piesa verificare sah: 0 0 piesa verificare sah: 5 0 piesa verificare sah: 1 0 piesa verificare sah: 1 0 piesa verificare sah: 0 0 piesa verificare sah: 2 0 piesa verificare sah: 2 0 piesa verificare sah: 0 0 piesa verificare sah: 0 0 piesa verificare sah: 5 0 piesa verificare sah: 1 0 piesa verificare sah: 1 0 piesa verificare sah: 4 0 
ALB!!!!!!!
facts
piesa verificare sah: 0 0 piesa verificare sah: 2 0 piesa verificare sah: 2 0 piesa verificare sah: 0 0 piesa verificare sah: 0 0 piesa verificare sah: 5 0 piesa verificare sah: 1 0 piesa verificare sah: 1 0 piesa verificare sah: 4 0 
promovez
ALB!!!!!!!
piesa verificare sah: 0 0 piesa verificare sah: 2 0 piesa verificare sah: 2 0 piesa verificare sah: 0 0 piesa verificare sah: 0 0 piesa verificare sah: 5 0 piesa verificare sah: 1 0 piesa verificare sah: 1 0 
ALB!!!!!!!
piesa verificare sah: 0 0 facts
piesa verificare sah: 0 0 facts
piesa verificare sah: 0 0 facts
piesa verificare sah: 0 0 facts
piesa verificare sah: 2 0 piesa verificare sah: 2 0 piesa verificare sah: 0 0 piesa verificare sah: 0 0 piesa verificare sah: 5 0 piesa verificare sah: 1 0 piesa verificare sah: 0 0 facts
piesa verificare sah: 0 0 facts
piesa verificare sah: 0 0 facts
piesa verificare sah: 0 0 facts
piesa verificare sah: 0 0 facts
piesa verificare sah: 0 0 piesa verificare sah: 2 0 piesa verificare sah: 2 0 piesa verificare sah: 0 0 piesa verificare sah: 0 0 piesa verificare sah: 5 0 piesa verificare sah: 1 0 piesa verificare sah: 1 0 
ALB!!!!!!!
piesa verificare sah: 2 0 piesa verificare sah: 2 0 piesa verificare sah: 0 0 piesa verificare sah: 0 0 piesa verificare sah: 5 0 piesa verificare sah: 1 0 piesa verificare sah: 0 0 piesa verificare sah: 2 0 piesa verificare sah: 2 0 piesa verificare sah: 0 0 piesa verificare sah: 0 0 piesa verificare sah: 5 0 piesa verificare sah: 1 0 piesa verificare sah: 1 0 
ALB!!!!!!!
piesa verificare sah: 0 0 facts
piesa verificare sah: 0 0 piesa verificare sah: 2 0 piesa verificare sah: 2 0 piesa verificare sah: 0 0 piesa verificare sah: 0 0 piesa verificare sah: 5 0 piesa verificare sah: 1 0 piesa verificare sah: 1 0 
ALB!!!!!!!
piesa verificare sah: 0 0 piesa verificare sah: 1 0 piesa verificare sah: 2 0 piesa verificare sah: 2 0 piesa verificare sah: 0 0 piesa verificare sah: 0 0 piesa verificare sah: 5 0 piesa verificare sah: 1 0 
piesa verificare sah: 1 1 piesa verificare sah: 0 1 piesa verificare sah: 0 1 piesa verificare sah: 0 1 piesa verificare sah: 0 1 piesa verificare sah: 5 1 piesa verificare sah: 1 1 piesa verificare sah: 2 1 piesa verificare sah: 0 1 piesa verificare sah: 0 1 piesa verificare sah: 1 1 piesa verificare sah: 0 1 piesa verificare sah: 0 1 piesa verificare sah: 0 1 piesa verificare sah: 0 1 piesa verificare sah: 5 1 piesa verificare sah: 1 1 piesa verificare sah: 2 1 piesa verificare sah: 0 1 piesa verificare sah: 0 1 piesa verificare sah: 1 1 piesa verificare sah: 0 1 piesa verificare sah: 0 1 piesa verificare sah: 0 1 piesa verificare sah: 0 1 piesa verificare sah: 5 1 piesa verificare sah: 1 1 piesa verificare sah: 2 1 piesa verificare sah: 0 1 piesa verificare sah: 0 1 piesa verificare sah: 1 1 piesa verificare sah: 0 1 piesa verificare sah: 0 1 piesa verificare sah: 0 1 piesa verificare sah: 0 1 piesa verificare sah: 5 1 piesa verificare sah: 1 1 piesa verificare sah: 2 1 piesa verificare sah: 0 1 piesa verificare sah: 0 1 piesa verificare sah: 1 1 piesa verificare sah: 0 1 piesa verificare sah: 0 1 piesa verificare sah: 0 1 piesa verificare sah: 0 1 piesa verificare sah: 5 1 piesa verificare sah: 1 1 piesa verificare sah: 2 1 piesa verificare sah: 0 1 piesa verificare sah: 0 1 piesa verificare sah: 1 1 piesa verificare sah: 0 1 piesa verificare sah: 0 1 piesa verificare sah: 0 1 piesa verificare sah: 3 1 
NEGRU!!!!!!
piesa verificare sah: 5 1 piesa verificare sah: 2 1 piesa verificare sah: 0 1 piesa verificare sah: 0 1 piesa verificare sah: 1 1 piesa verificare sah: 0 1 piesa verificare sah: 0 1 piesa verificare sah: 0 1 piesa verificare sah: 1 1 piesa verificare sah: 3 1 
NEGRU!!!!!!
piesa verificare sah: 5 1 piesa verificare sah: 2 1 piesa verificare sah: 0 1 piesa verificare sah: 0 1 piesa verificare sah: 1 1 piesa verificare sah: 0 1 piesa verificare sah: 0 1 piesa verificare sah: 0 1 piesa verificare sah: 1 1 piesa verificare sah: 3 1 
NEGRU!!!!!!
piesa verificare sah: 5 1 piesa verificare sah: 2 1 piesa verificare sah: 0 1 piesa verificare sah: 0 1 piesa verificare sah: 1 1 piesa verificare sah: 0 1 piesa verificare sah: 0 1 piesa verificare sah: 0 1 piesa verificare sah: 3 1 piesa verificare sah: 1 1 
NEGRU!!!!!!
piesa verificare sah: 5 1 piesa verificare sah: 2 1 piesa verificare sah: 0 1 piesa verificare sah: 0 1 piesa verificare sah: 1 1 piesa verificare sah: 0 1 piesa verificare sah: 0 1 piesa verificare sah: 0 1 piesa verificare sah: 3 1 piesa verificare sah: 1 1 
NEGRU!!!!!!
piesa verificare sah: 5 1 piesa verificare sah: 2 1 piesa verificare sah: 0 1 piesa verificare sah: 0 1 piesa verificare sah: 1 1 piesa verificare sah: 0 1 piesa verificare sah: 0 1 piesa verificare sah: 0 1 piesa verificare sah: 3 1 piesa verificare sah: 1 1 
NEGRU!!!!!!
piesa verificare sah: 5 1 piesa verificare sah: 2 1 piesa verificare sah: 0 1 piesa verificare sah: 0 1 piesa verificare sah: 1 1 piesa verificare sah: 0 1 piesa verificare sah: 0 1 piesa verificare sah: 0 1 piesa verificare sah: 1 1 piesa verificare sah: 3 1 
NEGRU!!!!!!
piesa verificare sah: 5 1 piesa verificare sah: 2 1 piesa verificare sah: 0 1 piesa verificare sah: 0 1 piesa verificare sah: 0 1 piesa verificare sah: 0 1 piesa verificare sah: 1 1 piesa verificare sah: 0 1 piesa verificare sah: 3 1 
NEGRU!!!!!!
piesa verificare sah: 5 1 piesa verificare sah: 2 1 piesa verificare sah: 0 1 piesa verificare sah: 0 1 piesa verificare sah: 0 1 piesa verificare sah: 0 1 piesa verificare sah: 1 1 piesa verificare sah: 0 1 piesa verificare sah: 3 1 
NEGRU!!!!!!
piesa verificare sah: 5 1 piesa verificare sah: 2 1 piesa verificare sah: 0 1 piesa verificare sah: 0 1 piesa verificare sah: 0 1 piesa verificare sah: 0 1 piesa verificare sah: 1 1 piesa verificare sah: 0 1 piesa verificare sah: 3 1 
NEGRU!!!!!!
piesa verificare sah: 5 1 piesa verificare sah: 2 1 piesa verificare sah: 0 1 piesa verificare sah: 0 1 piesa verificare sah: 0 1 piesa verificare sah: 0 1 piesa verificare sah: 1 1 piesa verificare sah: 3 1 piesa verificare sah: 0 1 
NEGRU!!!!!!
piesa verificare sah: 5 1 piesa verificare sah: 2 1 piesa verificare sah: 0 1 piesa verificare sah: 0 1 piesa verificare sah: 0 1 piesa verificare sah: 0 1 piesa verificare sah: 3 1 piesa verificare sah: 0 1 
NEGRU!!!!!!
piesa verificare sah: 5 1 piesa verificare sah: 2 1 piesa verificare sah: 0 1 piesa verificare sah: 0 1 piesa verificare sah: 0 1 piesa verificare sah: 5 1 piesa verificare sah: 2 1 piesa verificare sah: 0 1 piesa verificare sah: 0 1 piesa verificare sah: 0 1 piesa verificare sah: 0 1 piesa verificare sah: 0 1 piesa verificare sah: 3 1 piesa verificare sah: 5 1 piesa verificare sah: 2 1 piesa verificare sah: 0 1 piesa verificare sah: 0 1 piesa verificare sah: 0 1 piesa verificare sah: 0 1 piesa verificare sah: 0 1 piesa verificare sah: 3 1 piesa verificare sah: 5 1 piesa verificare sah: 2 1 piesa verificare sah: 0 1 piesa verificare sah: 0 1 piesa verificare sah: 0 1 piesa verificare sah: 0 1 piesa verificare sah: 0 1 piesa verificare sah: 3 1 piesa verificare sah: 5 1 piesa verificare sah: 2 1 piesa verificare sah: 0 1 piesa verificare sah: 0 1 piesa verificare sah: 0 1 piesa verificare sah: 0 1 piesa verificare sah: 0 1 piesa verificare sah: 3 1 piesa verificare sah: 5 1 piesa verificare sah: 2 1 piesa verificare sah: 0 1 piesa verificare sah: 0 1 piesa verificare sah: 0 1 piesa verificare sah: 0 1 piesa verificare sah: 0 1 piesa verificare sah: 3 1 piesa verificare sah: 5 1 piesa verificare sah: 2 1 piesa verificare sah: 0 1 piesa verificare sah: 0 1 piesa verificare sah: 0 1 piesa verificare sah: 0 1 piesa verificare sah: 0 1 piesa verificare sah: 3 1 
NEGRU!!!!!!
piesa verificare sah: 5 1 piesa verificare sah: 2 1 piesa verificare sah: 0 1 piesa verificare sah: 0 1 piesa verificare sah: 0 1 piesa verificare sah: 0 1 piesa verificare sah: 3 1 piesa verificare sah: 5 1 piesa verificare sah: 2 1 piesa verificare sah: 0 1 piesa verificare sah: 0 1 piesa verificare sah: 0 1 piesa verificare sah: 0 1 piesa verificare sah: 3 1 piesa verificare sah: 5 1 piesa verificare sah: 2 1 piesa verificare sah: 0 1 piesa verificare sah: 0 1 piesa verificare sah: 0 1 piesa verificare sah: 0 1 piesa verificare sah: 3 1 piesa verificare sah: 0 1 
NEGRU!!!!!!
piesa verificare sah: 2 1 piesa verificare sah: 5 1 piesa verificare sah: 0 1 piesa verificare sah: 0 1 piesa verificare sah: 0 1 piesa verificare sah: 2 1 piesa verificare sah: 5 1 piesa verificare sah: 0 1 piesa verificare sah: 0 1 piesa verificare sah: 0 1 piesa verificare sah: 0 1 piesa verificare sah: 3 1 piesa verificare sah: 0 1 
NEGRU!!!!!!
piesa verificare sah: 5 1 piesa verificare sah: 2 1 piesa verificare sah: 0 1 piesa verificare sah: 0 1 piesa verificare sah: 0 1 piesa verificare sah: 0 1 piesa verificare sah: 3 1 piesa verificare sah: 0 1 
NEGRU!!!!!!
piesa verificare sah: 5 1 piesa verificare sah: 2 1 piesa verificare sah: 0 1 piesa verificare sah: 0 1 piesa verificare sah: 0 1 piesa verificare sah: 0 1 piesa verificare sah: 3 1 piesa verificare sah: 0 1 
NEGRU!!!!!!
piesa verificare sah: 5 1 piesa verificare sah: 2 1 piesa verificare sah: 0 1 piesa verificare sah: 0 1 piesa verificare sah: 0 1 piesa verificare sah: 0 1 piesa verificare sah: 3 1 piesa verificare sah: 0 1 
NEGRU!!!!!!
facts
piesa verificare sah: 2 1 piesa verificare sah: 5 1 piesa verificare sah: 0 1 piesa verificare sah: 0 1 piesa verificare sah: 0 1 piesa verificare sah: 0 1 piesa verificare sah: 3 1 piesa verificare sah: 0 1 
NEGRU!!!!!!
facts
piesa verificare sah: 2 1 piesa verificare sah: 5 1 piesa verificare sah: 0 1 piesa verificare sah: 0 1 piesa verificare sah: 0 1 piesa verificare sah: 0 1 piesa verificare sah: 3 1 piesa verificare sah: 0 1 
NEGRU!!!!!!
facts
piesa verificare sah: 2 1 piesa verificare sah: 5 1 piesa verificare sah: 0 1 piesa verificare sah: 0 1 piesa verificare sah: 0 1 piesa verificare sah: 3 1 piesa verificare sah: 0 1 
NEGRU!!!!!!
facts
piesa verificare sah: 2 1 piesa verificare sah: 5 1 piesa verificare sah: 0 1 piesa verificare sah: 0 1 piesa verificare sah: 0 1 piesa verificare sah: 0 1 piesa verificare sah: 3 1 
